Using pre-set license
Built from '2020.3/staging' branch; Version is '2020.3.10f1 (297d780c91bc) revision 2719096'; Using compiler version '192528614'; Build Type 'Release'
OS: 'Windows 10 Home; OS build 19042.985; Version 2009; 64bit' Language: 'en' Physical Memory: 8000 MB
BatchMode: 1, IsHumanControllingUs: 0, StartBugReporterOnCrash: 0, Is64bit: 1, IsPro: 0

 COMMAND LINE ARGUMENTS:
C:\Program Files\Unity\Hub\Editor\2020.3.10f1\Editor\Unity.exe
-adb2
-batchMode
-noUpm
-name
AssetImportWorker5
-projectPath
C:/Users/leean/Desktop/coding-projects/guardians-of-the-forest/Guardians of the Forest
-logFile
Logs/AssetImportWorker5.log
-srvPort
54205
Successfully changed project path to: C:/Users/leean/Desktop/coding-projects/guardians-of-the-forest/Guardians of the Forest
C:/Users/leean/Desktop/coding-projects/guardians-of-the-forest/Guardians of the Forest
Using Asset Import Pipeline V2.
Refreshing native plugins compatible for Editor in 208.40 ms, found 2 plugins.
Preloading 0 native plugins for Editor in 0.00 ms.
Initialize engine version: 2020.3.10f1 (297d780c91bc)
[Subsystems] Discovering subsystems at path C:/Program Files/Unity/Hub/Editor/2020.3.10f1/Editor/Data/Resources/UnitySubsystems
[Subsystems] Discovering subsystems at path C:/Users/leean/Desktop/coding-projects/guardians-of-the-forest/Guardians of the Forest/Assets
GfxDevice: creating device client; threaded=0
Direct3D:
    Version:  Direct3D 11.0 [level 11.1]
    Renderer: Intel(R) UHD Graphics 620 (ID=0x5917)
    Vendor:   
    VRAM:     4000 MB
    Driver:   27.20.100.8854
Initialize mono
Mono path[0] = 'C:/Program Files/Unity/Hub/Editor/2020.3.10f1/Editor/Data/Managed'
Mono path[1] = 'C:/Program Files/Unity/Hub/Editor/2020.3.10f1/Editor/Data/MonoBleedingEdge/lib/mono/unityjit'
Mono config path = 'C:/Program Files/Unity/Hub/Editor/2020.3.10f1/Editor/Data/MonoBleedingEdge/etc'
Using monoOptions --debugger-agent=transport=dt_socket,embedding=1,server=y,suspend=n,address=127.0.0.1:56336
Begin MonoManager ReloadAssembly
Registering precompiled unity dll's ...
Register platform support module: C:/Program Files/Unity/Hub/Editor/2020.3.10f1/Editor/Data/PlaybackEngines/WebGLSupport/UnityEditor.WebGL.Extensions.dll
Register platform support module: C:/Program Files/Unity/Hub/Editor/2020.3.10f1/Editor/Data/PlaybackEngines/MacStandaloneSupport/UnityEditor.OSXStandalone.Extensions.dll
Register platform support module: C:/Program Files/Unity/Hub/Editor/2020.3.10f1/Editor/Data/PlaybackEngines/WindowsStandaloneSupport/UnityEditor.WindowsStandalone.Extensions.dll
Registered in 0.007370 seconds.
Native extension for WindowsStandalone target not found
Native extension for OSXStandalone target not found
Native extension for WebGL target not found
Refreshing native plugins compatible for Editor in 91.77 ms, found 2 plugins.
Preloading 0 native plugins for Editor in 0.00 ms.
Mono: successfully reloaded assembly
- Completed reload, in  6.731 seconds
Platform modules already initialized, skipping
Registering precompiled user dll's ...
Registered in 0.037242 seconds.
Begin MonoManager ReloadAssembly
Native extension for WindowsStandalone target not found
Native extension for OSXStandalone target not found
Native extension for WebGL target not found
Refreshing native plugins compatible for Editor in 2.32 ms, found 2 plugins.
Preloading 0 native plugins for Editor in 0.00 ms.
Mono: successfully reloaded assembly
- Completed reload, in  2.024 seconds
Platform modules already initialized, skipping
========================================================================
Worker process is ready to serve import requests
Launched and connected shader compiler UnityShaderCompiler.exe after 0.13 seconds
Refreshing native plugins compatible for Editor in 0.93 ms, found 2 plugins.
Preloading 0 native plugins for Editor in 0.00 ms.
Unloading 2237 Unused Serialized files (Serialized files now loaded: 0)
System memory in use before: 90.6 MB.
System memory in use after: 90.8 MB.

Unloading 62 unused Assets to reduce memory usage. Loaded Objects now: 2642.
Total: 12.556500 ms (FindLiveObjects: 0.294800 ms CreateObjectMapping: 0.117600 ms MarkObjects: 11.814800 ms  DeleteObjects: 0.327000 ms)

========================================================================
Received Import Request.
  path: Assets/Scripts/PlayerHealthManager.cs
  artifactKey: Guid(09db1ba377fb54b449eb89e25ec366b3) Importer(815301076,1909f56bfc062723c751e8b465ee728b)
Start importing Assets/Scripts/PlayerHealthManager.cs using Guid(09db1ba377fb54b449eb89e25ec366b3) Importer(815301076,1909f56bfc062723c751e8b465ee728b)  -> (artifact id: '37f349e0926779f1e4fc87197a41c3cd') in 0.369261 seconds
  Import took 0.374764 seconds .

========================================================================
Received Import Request.
  Time since last request: 248.660010 seconds.
  path: Assets/Scripts/PlayerStartPoint.cs
  artifactKey: Guid(dce76d72e6d6b9c44a042e094486f221) Importer(815301076,1909f56bfc062723c751e8b465ee728b)
Start importing Assets/Scripts/PlayerStartPoint.cs using Guid(dce76d72e6d6b9c44a042e094486f221) Importer(815301076,1909f56bfc062723c751e8b465ee728b)  -> (artifact id: 'cf308f7964cddc3f852bd3b4441ce30b') in 0.010575 seconds
  Import took 0.018811 seconds .

========================================================================
Received Import Request.
  Time since last request: 0.011605 seconds.
  path: Assets/Scripts/PlayerStartPoint.cs
  artifactKey: Guid(dce76d72e6d6b9c44a042e094486f221) Importer(815301076,1909f56bfc062723c751e8b465ee728b)
Start importing Assets/Scripts/PlayerStartPoint.cs using Guid(dce76d72e6d6b9c44a042e094486f221) Importer(815301076,1909f56bfc062723c751e8b465ee728b)  -> (artifact id: 'cf308f7964cddc3f852bd3b4441ce30b') in 0.009487 seconds
  Import took 0.014463 seconds .

========================================================================
Received Import Request.
  Time since last request: 1.012231 seconds.
  path: Assets/Scripts/PlayerStats.cs
  artifactKey: Guid(2a7469b19a5f8fa48ac90bd550381051) Importer(815301076,1909f56bfc062723c751e8b465ee728b)
Start importing Assets/Scripts/PlayerStats.cs using Guid(2a7469b19a5f8fa48ac90bd550381051) Importer(815301076,1909f56bfc062723c751e8b465ee728b)  -> (artifact id: 'a734f0cdd968ad7a24b3d2c9416833af') in 0.011213 seconds
  Import took 0.018149 seconds .

========================================================================
Received Prepare
Registering precompiled user dll's ...
Registered in 0.017128 seconds.
Begin MonoManager ReloadAssembly
Native extension for WindowsStandalone target not found
Native extension for OSXStandalone target not found
Native extension for WebGL target not found
Refreshing native plugins compatible for Editor in 0.97 ms, found 2 plugins.
Preloading 0 native plugins for Editor in 0.00 ms.
Mono: successfully reloaded assembly
- Completed reload, in  1.632 seconds
Platform modules already initialized, skipping
Refreshing native plugins compatible for Editor in 0.90 ms, found 2 plugins.
Preloading 0 native plugins for Editor in 0.00 ms.
Unloading 2230 Unused Serialized files (Serialized files now loaded: 0)
System memory in use before: 90.6 MB.
System memory in use after: 90.7 MB.

Unloading 54 unused Assets to reduce memory usage. Loaded Objects now: 2645.
Total: 5.979900 ms (FindLiveObjects: 0.246500 ms CreateObjectMapping: 0.090900 ms MarkObjects: 5.577400 ms  DeleteObjects: 0.064200 ms)

========================================================================
Received Import Request.
  Time since last request: 157.514554 seconds.
  path: Assets/Scripts/PlayerStats.cs
  artifactKey: Guid(2a7469b19a5f8fa48ac90bd550381051) Importer(815301076,1909f56bfc062723c751e8b465ee728b)
Start importing Assets/Scripts/PlayerStats.cs using Guid(2a7469b19a5f8fa48ac90bd550381051) Importer(815301076,1909f56bfc062723c751e8b465ee728b)  -> (artifact id: '05c2a1bc29e72e9941b38f705e9fcde7') in 0.009998 seconds
  Import took 0.015429 seconds .

========================================================================
Received Import Request.
  Time since last request: 13470.662739 seconds.
  path: Assets/Scripts/SFXManager.cs
  artifactKey: Guid(4e471268af5684349890cafd7cd3ba71) Importer(815301076,1909f56bfc062723c751e8b465ee728b)
Start importing Assets/Scripts/SFXManager.cs using Guid(4e471268af5684349890cafd7cd3ba71) Importer(815301076,1909f56bfc062723c751e8b465ee728b)  -> (artifact id: 'acb4a3ac16f2f225f790115e6db4671b') in 0.030059 seconds
  Import took 0.045485 seconds .

AssetImportWorkerClient::OnTransportError - code=2 error=End of file
